<?xml version="1.0" encoding="UTF-8"?>
<!-- Generated by org.testng.reporters.JUnitReportReporter -->
<testsuite hostname="DESKTOP-FR4KE14" failures="0" tests="1" name="datadriven.Tester4" time="13.581" errors="0" timestamp="2021-06-04T00:42:44 IST" skipped="0">
  <testcase classname="datadriven.Tester4" name="read" time="13.581"/>
  <system-out/>
</testsuite> <!-- datadriven.Tester4 -->
