<?xml version="1.0" encoding="UTF-8"?>
<!-- Generated by org.testng.reporters.JUnitReportReporter -->
<testsuite hostname="DESKTOP-FR4KE14" failures="0" tests="1" name="testNG.Tester7" time="1.996" errors="0" timestamp="2021-06-03T17:56:09 IST" skipped="0">
  <testcase classname="testNG.Tester7" name="launch" time="1.996"/>
  <system-out/>
</testsuite> <!-- testNG.Tester7 -->
