<?xml version="1.0" encoding="UTF-8"?>
<!-- Generated by org.testng.reporters.JUnitReportReporter -->
<testsuite hostname="DESKTOP-FR4KE14" failures="0" tests="1" name="datadriven.Tester3" time="0.619" errors="0" timestamp="2021-06-04T00:26:34 IST" skipped="0">
  <testcase classname="datadriven.Tester3" name="read" time="0.619"/>
  <system-out/>
</testsuite> <!-- datadriven.Tester3 -->
