<?xml version="1.0" encoding="UTF-8"?>
<!-- Generated by org.testng.reporters.JUnitReportReporter -->
<testsuite hostname="DESKTOP-FR4KE14" failures="0" tests="2" name="testNG.Tester1" time="0.013" errors="0" timestamp="2021-06-08T14:42:26 IST" skipped="0">
  <testcase classname="testNG.Tester1" name="m2" time="0.002"/>
  <system-out>
    <![CDATA[This is m2 method]]>
  </system-out>
  <testcase classname="testNG.Tester1" name="m1" time="0.011"/>
  <system-out>
    <![CDATA[This is  m1 method]]>
  </system-out>
</testsuite> <!-- testNG.Tester1 -->
