<?xml version="1.0" encoding="UTF-8"?>
<!-- Generated by org.testng.reporters.JUnitReportReporter -->
<testsuite hostname="DESKTOP-FR4KE14" failures="0" tests="1" name="testNG.Tester9" time="1.882" errors="0" timestamp="2021-06-04T11:52:40 IST" skipped="0">
  <testcase classname="testNG.Tester9" name="launchBrowser" time="1.882"/>
  <system-out/>
</testsuite> <!-- testNG.Tester9 -->
