<?xml version="1.0" encoding="UTF-8"?>
<!-- Generated by org.testng.reporters.JUnitReportReporter -->
<testsuite hostname="DESKTOP-FR4KE14" failures="0" tests="1" name="testNG.Tester10" time="7.569" errors="0" timestamp="2021-06-04T11:52:40 IST" skipped="0">
  <testcase classname="testNG.Tester10" name="launchBrowser" time="7.569"/>
  <system-out/>
</testsuite> <!-- testNG.Tester10 -->
