<?xml version="1.0" encoding="UTF-8"?>
<!-- Generated by org.testng.reporters.JUnitReportReporter -->
<testsuite hostname="DESKTOP-FR4KE14" failures="0" tests="3" name="testNG.Tester6" time="0.009" errors="0" timestamp="2021-06-03T17:03:36 IST" skipped="0">
  <testcase classname="testNG.Tester6" name="Login" time="0.001"/>
  <system-out>
    <![CDATA[This is login method]]>
  </system-out>
  <testcase classname="testNG.Tester6" name="createMethod" time="0.005"/>
  <system-out>
    <![CDATA[This is create method]]>
  </system-out>
  <testcase classname="testNG.Tester6" name="deleteMethod" time="0.003"/>
  <system-out>
    <![CDATA[This is delete method]]>
  </system-out>
</testsuite> <!-- testNG.Tester6 -->
