<?xml version="1.0" encoding="UTF-8"?>
<!-- Generated by org.testng.reporters.JUnitReportReporter -->
<testsuite hostname="DESKTOP-FR4KE14" failures="0" tests="4" name="testNG.Tester5" time="0.025" errors="0" timestamp="2021-06-03T17:00:33 IST" skipped="1">
  <testcase classname="testNG.Tester5" name="test3" time="0.007"/>
  <system-out>
    <![CDATA[@Test3]]>
  </system-out>
  <testcase classname="testNG.Tester5" name="test2" time="0.005"/>
  <system-out>
    <![CDATA[@Test2]]>
  </system-out>
  <testcase classname="testNG.Tester5" name="test2" time="0.013"/>
  <system-out>
    <![CDATA[@Test2]]>
  </system-out>
  <testcase classname="testNG.Tester5" name="test1">
    <skipped/>
  </testcase> <!-- test1 -->
  <system-out/>
</testsuite> <!-- testNG.Tester5 -->
