<?xml version="1.0" encoding="UTF-8"?>
<!-- Generated by org.testng.reporters.JUnitReportReporter -->
<testsuite hostname="DESKTOP-FR4KE14" failures="0" tests="4" name="testNG.Tester8" time="0.029" errors="0" timestamp="2021-06-04T11:48:48 IST" skipped="0">
  <testcase classname="testNG.Tester8" name="deleteCustomer" time="0.012"/>
  <system-out>
    <![CDATA[This is delete customer]]>
  </system-out>
  <testcase classname="testNG.Tester8" name="createUser" time="0.003"/>
  <system-out>
    <![CDATA[This is create User method]]>
  </system-out>
  <testcase classname="testNG.Tester8" name="deleteUser" time="0.003"/>
  <system-out>
    <![CDATA[This is delete User method]]>
  </system-out>
  <testcase classname="testNG.Tester8" name="createCustomer" time="0.011"/>
  <system-out>
    <![CDATA[This is create Customer method]]>
  </system-out>
</testsuite> <!-- testNG.Tester8 -->
