<?xml version="1.0" encoding="UTF-8"?>
<!-- Generated by org.testng.reporters.JUnitReportReporter -->
<testsuite hostname="DESKTOP-FR4KE14" failures="0" tests="1" name="datadriven.Tester2" time="0.623" errors="0" timestamp="2021-06-04T00:15:08 IST" skipped="0">
  <testcase classname="datadriven.Tester2" name="read" time="0.623"/>
  <system-out/>
</testsuite> <!-- datadriven.Tester2 -->
