<?xml version="1.0" encoding="UTF-8"?>
<!-- Generated by org.testng.reporters.JUnitReportReporter -->
<testsuite hostname="DESKTOP-FR4KE14" failures="0" tests="1" name="datadriven.Tester5" time="10.396" errors="0" timestamp="2021-07-07T21:34:52 IST" skipped="0">
  <testcase classname="datadriven.Tester5" name="read" time="10.396"/>
  <system-out/>
</testsuite> <!-- datadriven.Tester5 -->
