<?xml version="1.0" encoding="UTF-8"?>
<!-- Generated by org.testng.reporters.JUnitReportReporter -->
<testsuite hostname="DESKTOP-FR4KE14" failures="0" tests="1" name="datadriven.Tester1" time="0.675" errors="0" timestamp="2021-06-04T00:07:36 IST" skipped="0">
  <testcase classname="datadriven.Tester1" name="read" time="0.675"/>
  <system-out/>
</testsuite> <!-- datadriven.Tester1 -->
